<?xml version="1.0" encoding="UTF-8"?>
<!-- Generated by org.testng.reporters.JUnitXMLReporter -->
<testsuite hostname="nipunverma" ignored="0" name="Command line test" tests="27" failures="0" timestamp="2021-11-09T16:55:56 IST" time="0.095" errors="0">
  <testcase name="@BeforeSuite intialiseBrowser" time="60.067" classname="com.TestCases.TestCase_ScrollPage">
    <failure type="org.openqa.selenium.remote.UnreachableBrowserException" message="Could not start a new session. Possible causes are invalid address of the remote server or browser start-up failure.
Build info: version: &amp;apos;4.0.0-alpha-7&amp;apos;, revision: &amp;apos;de8579b6d5&amp;apos;
System info: host: &amp;apos;NIPUNVERMA&amp;apos;, ip: &amp;apos;192.168.29.127&amp;apos;, os.name: &amp;apos;Windows 10&amp;apos;, os.arch: &amp;apos;amd64&amp;apos;, os.version: &amp;apos;10.0&amp;apos;, java.version: &amp;apos;1.8.0_301&amp;apos;
Driver info: driver.version: RemoteWebDriver">
      <![CDATA[org.openqa.selenium.remote.UnreachableBrowserException: Could not start a new session. Possible causes are invalid address of the remote server or browser start-up failure.
Build info: version: '4.0.0-alpha-7', revision: 'de8579b6d5'
System info: host: 'NIPUNVERMA', ip: '192.168.29.127', os.name: 'Windows 10', os.arch: 'amd64', os.version: '10.0', java.version: '1.8.0_301'
Driver info: driver.version: RemoteWebDriver
at org.openqa.selenium.remote.RemoteWebDriver.execute(RemoteWebDriver.java:522)
at org.openqa.selenium.remote.RemoteWebDriver.startSession(RemoteWebDriver.java:207)
at org.openqa.selenium.remote.RemoteWebDriver.<init>(RemoteWebDriver.java:127)
at org.openqa.selenium.remote.RemoteWebDriver.<init>(RemoteWebDriver.java:140)
at com.Utility.BrowserFactory.startApplication(BrowserFactory.java:60)
at com.TestCases.TestCase_ScrollPage.intialiseBrowser(TestCase_ScrollPage.java:23)
Caused by: java.lang.RuntimeException: NettyHttpHandler request execution error
at org.openqa.selenium.remote.http.netty.NettyHttpHandler.makeCall(NettyHttpHandler.java:72)
at org.openqa.selenium.remote.http.AddSeleniumUserAgent.lambda$apply$0(AddSeleniumUserAgent.java:42)
at org.openqa.selenium.remote.http.Filter.lambda$andFinally$1(Filter.java:56)
at org.openqa.selenium.remote.http.netty.NettyHttpHandler.execute(NettyHttpHandler.java:47)
at org.openqa.selenium.remote.http.AddSeleniumUserAgent.lambda$apply$0(AddSeleniumUserAgent.java:42)
at org.openqa.selenium.remote.http.Filter.lambda$andFinally$1(Filter.java:56)
at org.openqa.selenium.remote.http.netty.NettyClient.execute(NettyClient.java:60)
at org.openqa.selenium.remote.ProtocolHandshake.createSession(ProtocolHandshake.java:105)
at org.openqa.selenium.remote.ProtocolHandshake.createSession(ProtocolHandshake.java:75)
at org.openqa.selenium.remote.HttpCommandExecutor.execute(HttpCommandExecutor.java:139)
at org.openqa.selenium.remote.RemoteWebDriver.execute(RemoteWebDriver.java:501)
... 34 more
Caused by: java.util.concurrent.ExecutionException: java.util.concurrent.TimeoutException: Request timeout to 192.168.29.127/192.168.29.127:5555 after 60000 ms
at java.util.concurrent.CompletableFuture.reportGet(CompletableFuture.java:357)
at java.util.concurrent.CompletableFuture.get(CompletableFuture.java:1908)
at org.asynchttpclient.netty.NettyResponseFuture.get(NettyResponseFuture.java:201)
at org.openqa.selenium.remote.http.netty.NettyHttpHandler.makeCall(NettyHttpHandler.java:57)
... 44 more
Caused by: java.util.concurrent.TimeoutException: Request timeout to 192.168.29.127/192.168.29.127:5555 after 60000 ms
at org.asynchttpclient.netty.timeout.TimeoutTimerTask.expire(TimeoutTimerTask.java:43)
at org.asynchttpclient.netty.timeout.RequestTimeoutTimerTask.run(RequestTimeoutTimerTask.java:50)
at io.netty.util.HashedWheelTimer$HashedWheelTimeout.expire(HashedWheelTimer.java:672)
at io.netty.util.HashedWheelTimer$HashedWheelBucket.expireTimeouts(HashedWheelTimer.java:747)
at io.netty.util.HashedWheelTimer$Worker.run(HashedWheelTimer.java:472)
at io.netty.util.concurrent.FastThreadLocalRunnable.run(FastThreadLocalRunnable.java:30)
at java.lang.Thread.run(Thread.java:748)
... Removed 29 stack frames]]>
    </failure>
  </testcase> <!-- @BeforeSuite intialiseBrowser -->
  <testcase name="@BeforeSuite startApplication" time="-1.636457156404E9" classname="com.TestCases.TestCase_TextFileReader">
    <skipped/>
  </testcase> <!-- @BeforeSuite startApplication -->
  <testcase name="@BeforeSuite browserIntialise" time="-1.636457156405E9" classname="com.TestCases.TestCase_WindowHandler">
    <skipped/>
  </testcase> <!-- @BeforeSuite browserIntialise -->
  <testcase name="@BeforeTest browserIntialization" time="-1.636457156408E9" classname="com.TestCases.TestCase_ColorChange">
    <skipped/>
  </testcase> <!-- @BeforeTest browserIntialization -->
  <testcase name="@BeforeTest browserIntialization" time="-1.63645715641E9" classname="com.TestCases.TestCase_CsvFileReader">
    <skipped/>
  </testcase> <!-- @BeforeTest browserIntialization -->
  <testcase name="@BeforeTest browserIntialization" time="-1.636457156411E9" classname="com.TestCases.TestCase_DataProvider_TestNG">
    <skipped/>
  </testcase> <!-- @BeforeTest browserIntialization -->
  <testcase name="@BeforeTest browserIntialization" time="-1.636457156412E9" classname="com.TestCases.TestCase_HashMapImplementation">
    <skipped/>
  </testcase> <!-- @BeforeTest browserIntialization -->
  <testcase name="@BeforeTest intialseBrowser" time="-1.636457156413E9" classname="com.TestCases.TestCase_HashMapWithExcel">
    <skipped/>
  </testcase> <!-- @BeforeTest intialseBrowser -->
  <testcase name="@BeforeTest browserIntialise" time="-1.636457156413E9" classname="com.TestCases.TestCase_ParallelTest">
    <skipped/>
  </testcase> <!-- @BeforeTest browserIntialise -->
  <testcase name="@BeforeTest browserIntialization" time="-1.636457156414E9" classname="com.TestCases.TestClass_SelectDeselect">
    <skipped/>
  </testcase> <!-- @BeforeTest browserIntialization -->
  <testcase name="@BeforeMethod browserIntialization" time="-1.636457156471E9" classname="com.TestCases.TestCases_BrokenLinl">
    <skipped/>
  </testcase> <!-- @BeforeMethod browserIntialization -->
  <testcase name="@BeforeMethod browserIntialization" time="-1.636457156493E9" classname="com.TestCases.TestCase_HandleStaleElement">
    <skipped/>
  </testcase> <!-- @BeforeMethod browserIntialization -->
  <testcase name="@AfterMethod browserSetUpClosure" time="-1.636457156493E9" classname="com.TestCases.TestCase_HandleStaleElement">
    <skipped/>
  </testcase> <!-- @AfterMethod browserSetUpClosure -->
  <testcase name="@AfterMethod browserSetUpClosure" time="-1.636457156495E9" classname="com.TestCases.TestCase_HighlightElement">
    <skipped/>
  </testcase> <!-- @AfterMethod browserSetUpClosure -->
  <testcase name="@AfterTest browserSetUpClosure" time="-1.636457156501E9" classname="com.TestCases.TestCase_ColorChange">
    <skipped/>
  </testcase> <!-- @AfterTest browserSetUpClosure -->
  <testcase name="@AfterTest tearDown" time="-1.636457156501E9" classname="com.TestCases.TestCase_CsvFileReader">
    <skipped/>
  </testcase> <!-- @AfterTest tearDown -->
  <testcase name="@AfterTest tearDown" time="-1.636457156502E9" classname="com.TestCases.TestCase_HashMapWithExcel">
    <skipped/>
  </testcase> <!-- @AfterTest tearDown -->
  <testcase name="@AfterTest tearDown" time="-1.636457156502E9" classname="com.TestCases.TestClass_SelectDeselect">
    <skipped/>
  </testcase> <!-- @AfterTest tearDown -->
  <testcase name="BrokenLink_TestCase" time="0.0" classname="com.TestCases.TestCases_BrokenLinl">
    <skipped/>
  </testcase> <!-- BrokenLink_TestCase -->
  <testcase name="TestCase_VerifyColorChange" time="0.0" classname="com.TestCases.TestCase_ColorChange">
    <skipped/>
  </testcase> <!-- TestCase_VerifyColorChange -->
  <testcase name="csvReader" time="0.0" classname="com.TestCases.TestCase_CsvFileReader">
    <skipped/>
  </testcase> <!-- csvReader -->
  <testcase name="userDetails" time="0.0" classname="com.TestCases.TestCase_DataProvider_TestNG">
    <skipped/>
  </testcase> <!-- userDetails -->
  <testcase name="TestCase_ReadExcel" time="0.0" classname="com.TestCases.TestCase_ExcelReading">
    <skipped/>
  </testcase> <!-- TestCase_ReadExcel -->
  <testcase name="TestCase_FrameHandle" time="0.0" classname="com.TestCases.TestCase_FrameHandling">
    <skipped/>
  </testcase> <!-- TestCase_FrameHandle -->
  <testcase name="groupingMethod_TC1" time="0.0" classname="com.TestCases.TestCase_GroupingConcept">
    <skipped/>
  </testcase> <!-- groupingMethod_TC1 -->
  <testcase name="groupingMethod_TC10" time="0.0" classname="com.TestCases.TestCase_GroupingConcept">
    <skipped/>
  </testcase> <!-- groupingMethod_TC10 -->
  <testcase name="groupingMethod_TC2" time="0.0" classname="com.TestCases.TestCase_GroupingConcept">
    <skipped/>
  </testcase> <!-- groupingMethod_TC2 -->
  <testcase name="groupingMethod_TC3" time="0.0" classname="com.TestCases.TestCase_GroupingConcept">
    <skipped/>
  </testcase> <!-- groupingMethod_TC3 -->
  <testcase name="groupingMethod_TC4" time="0.0" classname="com.TestCases.TestCase_GroupingConcept">
    <skipped/>
  </testcase> <!-- groupingMethod_TC4 -->
  <testcase name="groupingMethod_TC5" time="0.0" classname="com.TestCases.TestCase_GroupingConcept">
    <skipped/>
  </testcase> <!-- groupingMethod_TC5 -->
  <testcase name="groupingMethod_TC6" time="0.0" classname="com.TestCases.TestCase_GroupingConcept">
    <skipped/>
  </testcase> <!-- groupingMethod_TC6 -->
  <testcase name="groupingMethod_TC7" time="0.0" classname="com.TestCases.TestCase_GroupingConcept">
    <skipped/>
  </testcase> <!-- groupingMethod_TC7 -->
  <testcase name="groupingMethod_TC8" time="0.0" classname="com.TestCases.TestCase_GroupingConcept">
    <skipped/>
  </testcase> <!-- groupingMethod_TC8 -->
  <testcase name="groupingMethod_TC9" time="0.0" classname="com.TestCases.TestCase_GroupingConcept">
    <skipped/>
  </testcase> <!-- groupingMethod_TC9 -->
  <testcase name="TestCase_WindowHandle" time="0.0" classname="com.TestCases.TestCase_HandleRobotClass">
    <skipped/>
  </testcase> <!-- TestCase_WindowHandle -->
  <testcase name="HandleStaleElementExcptn_TestCase" time="0.0" classname="com.TestCases.TestCase_HandleStaleElement">
    <skipped/>
  </testcase> <!-- HandleStaleElementExcptn_TestCase -->
  <testcase name="passUserCredentials" time="0.0" classname="com.TestCases.TestCase_HashMapImplementation">
    <skipped/>
  </testcase> <!-- passUserCredentials -->
  <testcase name="excelWithHashMapImplementation_TC" time="0.0" classname="com.TestCases.TestCase_HashMapWithExcel">
    <skipped/>
  </testcase> <!-- excelWithHashMapImplementation_TC -->
  <testcase name="TestCase_Verify_Element_Highlighted" time="0.0" classname="com.TestCases.TestCase_HighlightElement">
    <skipped/>
  </testcase> <!-- TestCase_Verify_Element_Highlighted -->
  <testcase name="TestCase_HandleNestedFrame" time="0.0" classname="com.TestCases.TestCase_NestedFrame">
    <skipped/>
  </testcase> <!-- TestCase_HandleNestedFrame -->
  <testcase name="testCase_VerifyPagination" time="0.0" classname="com.TestCases.TestCase_Pagination">
    <skipped/>
  </testcase> <!-- testCase_VerifyPagination -->
  <testcase name="verifyScrollFunc" time="0.0" classname="com.TestCases.TestCase_ScrollPage">
    <skipped/>
  </testcase> <!-- verifyScrollFunc -->
  <testcase name="readTextFile" time="0.001" classname="com.TestCases.TestCase_TextFileReader">
    <skipped/>
  </testcase> <!-- readTextFile -->
  <testcase name="TestCase_WindowHandle" time="0.0" classname="com.TestCases.TestCase_WindowHandler">
    <skipped/>
  </testcase> <!-- TestCase_WindowHandle -->
  <testcase name="testCase_SelectDeselect" time="0.0" classname="com.TestCases.TestClass_SelectDeselect">
    <skipped/>
  </testcase> <!-- testCase_SelectDeselect -->
</testsuite> <!-- Command line test -->
